
# Aligns RNA-seq data given a file path and outputs a file name with a given prefix.
# The first argument is the input file name prefix across both reads.
# The second argument is the directory where the files live.
# The third argument is the output directory.
# The prefix is pulled from the first 8 characters of the input file prefix (argument 1).
function align_rna_seq() {
  # Use cutadapt to trim adapter sequence
  # Right now the script is set up to take in HBR_Rep1_ERCC-Mix2_Build37-ErccTranscripts-chr22.read1.fastq.gz
  # 	and HBR_Rep1_ERCC-Mix2_Build37-ErccTranscripts-chr22.read2.fastq.gz
  #   and it is set to output in HBR_Rep1.trimmed.R1.fastq.gz and HBR_Rep1.trimmed.R2.fastq.gz
  # You need to change the input for each run (directory stays the same)
  # You need to change the output file name for each run (use the output file names given in the assignment instructions)
  # (You need to change the output file directory from blah/blah/blah/project5/ to a folder of yours; make sure the folder exists)
  file=$1
  data=$2
  out=$3
  in1="$data/${file}1.fastq.gz"
  in2="$data/${file}2.fastq.gz"
  prefix="$(echo $file | awk '{print substr($0, 1, 8)}')"
  trimmed1="$out/${prefix}.trimmed.R1.fastq.gz"
  trimmed2="$out/${prefix}.trimmed.R2.fastq.gz"
  cutadapt -a AGATCGGAAGAGCACACGTCTGAACTCCAGTCA -A AGATCGGAAGAGCGTCGTGTAGGGAAAGAGTGT \
  -o $trimmed1 \
  -p $trimmed2 \
  $in1 $in2
  
  
  # Aligning the reads
  # The inputs are the two files you made in the previous step
  # (so remember to update them  each time you run the script)
  # (and change the folder from /blah/blah/blah/project5/ of course)
  # For the --outFileNamePrefix argument, name the file HBR_Rep1, HBR_Rep2, UHR_Rep1, or UHR_Rep2 depending on which step you're on
  # 	also include the path to the folder you're using (i.e., replace /blah/blah/blah/project5)
  # Don't change the --genomeDir argument at all
  STAR \
  --runMode alignReads \
  --outSAMstrandField intronMotif \
  --twopassMode Basic \
  --readFilesIn $trimmed1 \
                $trimmed2 \
  --outFileNamePrefix "$out/$prefix" \
  --quantMode GeneCounts \
  --outStd Log \
  --outWigType bedGraph \
  --outWigReferencesPrefix ./bedgraph \
  --genomeDir /ix1/hugen2072-2026s/p5/STAR_reference/ \
  --readFilesCommand zcat \
  --outSAMtype BAM SortedByCoordinate
}

for input in "${inputs[@]}"; do
  echo "---------------------------------------------"
  echo "Aligning: '$input'"
  align_rna_seq $input $DATA $OUT
  echo "---------------------------------------------"
done
---------------------------------------------
Aligning: 'HBR_Rep1_ERCC-Mix2_Build37-ErccTranscripts-chr22.read'
This is cutadapt 5.1 with Python 3.11.9
Command line parameters: -a AGATCGGAAGAGCACACGTCTGAACTCCAGTCA -A AGATCGGAAGAGCGTCGTGTAGGGAAAGAGTGT -o /ihome/adombrovski/tsb31/p5/HBR_Rep1.trimmed.R1.fastq.gz -p /ihome/adombrovski/tsb31/p5/HBR_Rep1.trimmed.R2.fastq.gz /ix1/hugen2072-2026s/p5/HBR_Rep1_ERCC-Mix2_Build37-ErccTranscripts-chr22.read1.fastq.gz /ix1/hugen2072-2026s/p5/HBR_Rep1_ERCC-Mix2_Build37-ErccTranscripts-chr22.read2.fastq.gz
Processing paired-end reads on 1 core ...

=== Summary ===

Total read pairs processed:            118,571
  Read 1 with adapter:                   2,262 (1.9%)
  Read 2 with adapter:                   3,002 (2.5%)
Pairs written (passing filters):       118,571 (100.0%)

Total basepairs processed:    23,714,200 bp
  Read 1:    11,857,100 bp
  Read 2:    11,857,100 bp
Total written (filtered):     23,696,876 bp (99.9%)
  Read 1:    11,849,738 bp
  Read 2:    11,847,138 bp

=== First read: Adapter 1 ===

Sequence: AGATCGGAAGAGCACACGTCTGAACTCCAGTCA; Type: regular 3'; Length: 33; Trimmed: 2262 times

Minimum overlap: 3
No. of allowed errors:
1-9 bp: 0; 10-19 bp: 1; 20-29 bp: 2; 30-33 bp: 3

Bases preceding removed adapters:
  A: 26.8%
  C: 33.8%
  G: 26.5%
  T: 12.8%
  none/other: 0.0%

Overview of removed sequences
length	count	expect	max.err	error counts
3	1828	1852.7	0	1828
4	340	463.2	0	340
5	79	115.8	0	79
6	4	28.9	0	4
7	3	7.2	0	3
9	2	0.5	0	0 2
10	6	0.1	1	0 6


=== Second read: Adapter 2 ===

Sequence: AGATCGGAAGAGCGTCGTGTAGGGAAAGAGTGT; Type: regular 3'; Length: 33; Trimmed: 3002 times

Minimum overlap: 3
No. of allowed errors:
1-9 bp: 0; 10-19 bp: 1; 20-29 bp: 2; 30-33 bp: 3

Bases preceding removed adapters:
  A: 29.4%
  C: 26.9%
  G: 25.4%
  T: 18.2%
  none/other: 0.0%

Overview of removed sequences
length	count	expect	max.err	error counts
3	2279	1852.7	0	2279
4	558	463.2	0	558
5	126	115.8	0	126
6	17	28.9	0	17
7	19	7.2	0	19
8	1	1.8	0	1
10	2	0.1	1	0 2
	STAR --runMode alignReads --outSAMstrandField intronMotif --twopassMode Basic --readFilesIn /ihome/adombrovski/tsb31/p5/HBR_Rep1.trimmed.R1.fastq.gz /ihome/adombrovski/tsb31/p5/HBR_Rep1.trimmed.R2.fastq.gz --outFileNamePrefix /ihome/adombrovski/tsb31/p5/HBR_Rep1 --quantMode GeneCounts --outStd Log --outWigType bedGraph --outWigReferencesPrefix ./bedgraph --genomeDir /ix1/hugen2072-2026s/p5/STAR_reference/ --readFilesCommand zcat --outSAMtype BAM SortedByCoordinate
	STAR version: 2.7.11b   compiled: 2025-02-06T18:36:06-05:00 rhel9-build0.crc.pitt.edu:/tmp/root/spack-stage/spack-stage-star-2.7.11b-zd5qp5gqfxvjqw6bvsfyjhpctjgjop4o/spack-src/source
Mar 26 07:33:42 ..... started STAR run
Mar 26 07:33:42 ..... loading genome
Mar 26 07:33:51 ..... started 1st pass mapping
Mar 26 07:34:07 ..... finished 1st pass mapping
Mar 26 07:34:08 ..... inserting junctions into the genome indices
Mar 26 07:35:25 ..... started mapping
Mar 26 07:35:42 ..... finished mapping
Mar 26 07:35:42 ..... started sorting BAM
Mar 26 07:35:43 ..... started wiggle output
Mar 26 07:35:43 ..... finished successfully
---------------------------------------------
---------------------------------------------
Aligning: 'HBR_Rep2_ERCC-Mix2_Build37-ErccTranscripts-chr22.read'
This is cutadapt 5.1 with Python 3.11.9
Command line parameters: -a AGATCGGAAGAGCACACGTCTGAACTCCAGTCA -A AGATCGGAAGAGCGTCGTGTAGGGAAAGAGTGT -o /ihome/adombrovski/tsb31/p5/HBR_Rep2.trimmed.R1.fastq.gz -p /ihome/adombrovski/tsb31/p5/HBR_Rep2.trimmed.R2.fastq.gz /ix1/hugen2072-2026s/p5/HBR_Rep2_ERCC-Mix2_Build37-ErccTranscripts-chr22.read1.fastq.gz /ix1/hugen2072-2026s/p5/HBR_Rep2_ERCC-Mix2_Build37-ErccTranscripts-chr22.read2.fastq.gz
Processing paired-end reads on 1 core ...

=== Summary ===

Total read pairs processed:            144,826
  Read 1 with adapter:                   2,772 (1.9%)
  Read 2 with adapter:                   3,693 (2.5%)
Pairs written (passing filters):       144,826 (100.0%)

Total basepairs processed:    28,965,200 bp
  Read 1:    14,482,600 bp
  Read 2:    14,482,600 bp
Total written (filtered):     28,943,859 bp (99.9%)
  Read 1:    14,473,592 bp
  Read 2:    14,470,267 bp

=== First read: Adapter 1 ===

Sequence: AGATCGGAAGAGCACACGTCTGAACTCCAGTCA; Type: regular 3'; Length: 33; Trimmed: 2772 times

Minimum overlap: 3
No. of allowed errors:
1-9 bp: 0; 10-19 bp: 1; 20-29 bp: 2; 30-33 bp: 3

Bases preceding removed adapters:
  A: 26.0%
  C: 32.9%
  G: 27.2%
  T: 13.9%
  none/other: 0.0%

Overview of removed sequences
length	count	expect	max.err	error counts
3	2243	2262.9	0	2243
4	416	565.7	0	416
5	94	141.4	0	94
6	11	35.4	0	11
9	4	0.6	0	0 4
10	2	0.1	1	0 2
11	1	0.0	1	0 1
12	1	0.0	1	0 1


=== Second read: Adapter 2 ===

Sequence: AGATCGGAAGAGCGTCGTGTAGGGAAAGAGTGT; Type: regular 3'; Length: 33; Trimmed: 3693 times

Minimum overlap: 3
No. of allowed errors:
1-9 bp: 0; 10-19 bp: 1; 20-29 bp: 2; 30-33 bp: 3

Bases preceding removed adapters:
  A: 28.5%
  C: 28.2%
  G: 25.8%
  T: 17.5%
  none/other: 0.0%

Overview of removed sequences
length	count	expect	max.err	error counts
3	2783	2262.9	0	2783
4	685	565.7	0	685
5	166	141.4	0	166
6	22	35.4	0	22
7	28	8.8	0	28
8	2	2.2	0	2
9	3	0.6	0	0 3
10	2	0.1	1	0 2
11	1	0.0	1	0 1
12	1	0.0	1	0 1
	STAR --runMode alignReads --outSAMstrandField intronMotif --twopassMode Basic --readFilesIn /ihome/adombrovski/tsb31/p5/HBR_Rep2.trimmed.R1.fastq.gz /ihome/adombrovski/tsb31/p5/HBR_Rep2.trimmed.R2.fastq.gz --outFileNamePrefix /ihome/adombrovski/tsb31/p5/HBR_Rep2 --quantMode GeneCounts --outStd Log --outWigType bedGraph --outWigReferencesPrefix ./bedgraph --genomeDir /ix1/hugen2072-2026s/p5/STAR_reference/ --readFilesCommand zcat --outSAMtype BAM SortedByCoordinate
	STAR version: 2.7.11b   compiled: 2025-02-06T18:36:06-05:00 rhel9-build0.crc.pitt.edu:/tmp/root/spack-stage/spack-stage-star-2.7.11b-zd5qp5gqfxvjqw6bvsfyjhpctjgjop4o/spack-src/source
Mar 26 07:35:44 ..... started STAR run
Mar 26 07:35:45 ..... loading genome
Mar 26 07:35:54 ..... started 1st pass mapping
Mar 26 07:36:14 ..... finished 1st pass mapping
Mar 26 07:36:15 ..... inserting junctions into the genome indices
Mar 26 07:37:33 ..... started mapping
Mar 26 07:37:54 ..... finished mapping
Mar 26 07:37:54 ..... started sorting BAM
Mar 26 07:37:55 ..... started wiggle output
Mar 26 07:37:56 ..... finished successfully
---------------------------------------------
---------------------------------------------
Aligning: 'UHR_Rep1_ERCC-Mix1_Build37-ErccTranscripts-chr22.read'
This is cutadapt 5.1 with Python 3.11.9
Command line parameters: -a AGATCGGAAGAGCACACGTCTGAACTCCAGTCA -A AGATCGGAAGAGCGTCGTGTAGGGAAAGAGTGT -o /ihome/adombrovski/tsb31/p5/UHR_Rep1.trimmed.R1.fastq.gz -p /ihome/adombrovski/tsb31/p5/UHR_Rep1.trimmed.R2.fastq.gz /ix1/hugen2072-2026s/p5/UHR_Rep1_ERCC-Mix1_Build37-ErccTranscripts-chr22.read1.fastq.gz /ix1/hugen2072-2026s/p5/UHR_Rep1_ERCC-Mix1_Build37-ErccTranscripts-chr22.read2.fastq.gz
Processing paired-end reads on 1 core ...

=== Summary ===

Total read pairs processed:            227,392
  Read 1 with adapter:                   3,683 (1.6%)
  Read 2 with adapter:                   5,979 (2.6%)
Pairs written (passing filters):       227,392 (100.0%)

Total basepairs processed:    45,478,400 bp
  Read 1:    22,739,200 bp
  Read 2:    22,739,200 bp
Total written (filtered):     45,446,385 bp (99.9%)
  Read 1:    22,727,150 bp
  Read 2:    22,719,235 bp

=== First read: Adapter 1 ===

Sequence: AGATCGGAAGAGCACACGTCTGAACTCCAGTCA; Type: regular 3'; Length: 33; Trimmed: 3683 times

Minimum overlap: 3
No. of allowed errors:
1-9 bp: 0; 10-19 bp: 1; 20-29 bp: 2; 30-33 bp: 3

Bases preceding removed adapters:
  A: 28.9%
  C: 31.5%
  G: 25.9%
  T: 13.7%
  none/other: 0.0%

Overview of removed sequences
length	count	expect	max.err	error counts
3	2966	3553.0	0	2966
4	523	888.2	0	523
5	164	222.1	0	164
6	12	55.5	0	12
8	1	3.5	0	1
9	10	0.9	0	0 10
10	7	0.2	1	0 7


=== Second read: Adapter 2 ===

Sequence: AGATCGGAAGAGCGTCGTGTAGGGAAAGAGTGT; Type: regular 3'; Length: 33; Trimmed: 5979 times

Minimum overlap: 3
No. of allowed errors:
1-9 bp: 0; 10-19 bp: 1; 20-29 bp: 2; 30-33 bp: 3

Bases preceding removed adapters:
  A: 36.8%
  C: 25.1%
  G: 21.2%
  T: 16.9%
  none/other: 0.0%

Overview of removed sequences
length	count	expect	max.err	error counts
3	4443	3553.0	0	4443
4	1206	888.2	0	1206
5	244	222.1	0	244
6	40	55.5	0	40
7	35	13.9	0	35
8	2	3.5	0	2
9	3	0.9	0	0 3
10	2	0.2	1	0 2
11	4	0.1	1	0 4
	STAR --runMode alignReads --outSAMstrandField intronMotif --twopassMode Basic --readFilesIn /ihome/adombrovski/tsb31/p5/UHR_Rep1.trimmed.R1.fastq.gz /ihome/adombrovski/tsb31/p5/UHR_Rep1.trimmed.R2.fastq.gz --outFileNamePrefix /ihome/adombrovski/tsb31/p5/UHR_Rep1 --quantMode GeneCounts --outStd Log --outWigType bedGraph --outWigReferencesPrefix ./bedgraph --genomeDir /ix1/hugen2072-2026s/p5/STAR_reference/ --readFilesCommand zcat --outSAMtype BAM SortedByCoordinate
	STAR version: 2.7.11b   compiled: 2025-02-06T18:36:06-05:00 rhel9-build0.crc.pitt.edu:/tmp/root/spack-stage/spack-stage-star-2.7.11b-zd5qp5gqfxvjqw6bvsfyjhpctjgjop4o/spack-src/source
Mar 26 07:38:03 ..... started STAR run
Mar 26 07:38:03 ..... loading genome
Mar 26 07:38:12 ..... started 1st pass mapping
Mar 26 07:38:44 ..... finished 1st pass mapping
Mar 26 07:38:45 ..... inserting junctions into the genome indices
Mar 26 07:40:03 ..... started mapping
Mar 26 07:40:37 ..... finished mapping
Mar 26 07:40:37 ..... started sorting BAM
Mar 26 07:40:39 ..... started wiggle output
Mar 26 07:40:40 ..... finished successfully
---------------------------------------------
---------------------------------------------
Aligning: 'UHR_Rep2_ERCC-Mix1_Build37-ErccTranscripts-chr22.read'
This is cutadapt 5.1 with Python 3.11.9
Command line parameters: -a AGATCGGAAGAGCACACGTCTGAACTCCAGTCA -A AGATCGGAAGAGCGTCGTGTAGGGAAAGAGTGT -o /ihome/adombrovski/tsb31/p5/UHR_Rep2.trimmed.R1.fastq.gz -p /ihome/adombrovski/tsb31/p5/UHR_Rep2.trimmed.R2.fastq.gz /ix1/hugen2072-2026s/p5/UHR_Rep2_ERCC-Mix1_Build37-ErccTranscripts-chr22.read1.fastq.gz /ix1/hugen2072-2026s/p5/UHR_Rep2_ERCC-Mix1_Build37-ErccTranscripts-chr22.read2.fastq.gz
Processing paired-end reads on 1 core ...

=== Summary ===

Total read pairs processed:            162,373
  Read 1 with adapter:                   3,124 (1.9%)
  Read 2 with adapter:                   4,432 (2.7%)
Pairs written (passing filters):       162,373 (100.0%)

Total basepairs processed:    32,474,600 bp
  Read 1:    16,237,300 bp
  Read 2:    16,237,300 bp
Total written (filtered):     32,449,766 bp (99.9%)
  Read 1:    16,227,129 bp
  Read 2:    16,222,637 bp

=== First read: Adapter 1 ===

Sequence: AGATCGGAAGAGCACACGTCTGAACTCCAGTCA; Type: regular 3'; Length: 33; Trimmed: 3124 times

Minimum overlap: 3
No. of allowed errors:
1-9 bp: 0; 10-19 bp: 1; 20-29 bp: 2; 30-33 bp: 3

Bases preceding removed adapters:
  A: 28.1%
  C: 29.0%
  G: 28.2%
  T: 14.7%
  none/other: 0.0%

Overview of removed sequences
length	count	expect	max.err	error counts
3	2511	2537.1	0	2511
4	461	634.3	0	461
5	136	158.6	0	136
6	10	39.6	0	10
7	1	9.9	0	1
9	3	0.6	0	0 3
10	2	0.2	1	0 2


=== Second read: Adapter 2 ===

Sequence: AGATCGGAAGAGCGTCGTGTAGGGAAAGAGTGT; Type: regular 3'; Length: 33; Trimmed: 4432 times

Minimum overlap: 3
No. of allowed errors:
1-9 bp: 0; 10-19 bp: 1; 20-29 bp: 2; 30-33 bp: 3

Bases preceding removed adapters:
  A: 35.5%
  C: 24.8%
  G: 22.6%
  T: 17.1%
  none/other: 0.0%

Overview of removed sequences
length	count	expect	max.err	error counts
3	3397	2537.1	0	3397
4	843	634.3	0	843
5	131	158.6	0	131
6	19	39.6	0	19
7	30	9.9	0	30
9	5	0.6	0	0 5
10	2	0.2	1	0 2
11	4	0.0	1	0 4
12	1	0.0	1	0 1
	STAR --runMode alignReads --outSAMstrandField intronMotif --twopassMode Basic --readFilesIn /ihome/adombrovski/tsb31/p5/UHR_Rep2.trimmed.R1.fastq.gz /ihome/adombrovski/tsb31/p5/UHR_Rep2.trimmed.R2.fastq.gz --outFileNamePrefix /ihome/adombrovski/tsb31/p5/UHR_Rep2 --quantMode GeneCounts --outStd Log --outWigType bedGraph --outWigReferencesPrefix ./bedgraph --genomeDir /ix1/hugen2072-2026s/p5/STAR_reference/ --readFilesCommand zcat --outSAMtype BAM SortedByCoordinate
	STAR version: 2.7.11b   compiled: 2025-02-06T18:36:06-05:00 rhel9-build0.crc.pitt.edu:/tmp/root/spack-stage/spack-stage-star-2.7.11b-zd5qp5gqfxvjqw6bvsfyjhpctjgjop4o/spack-src/source
Mar 26 07:40:41 ..... started STAR run
Mar 26 07:40:41 ..... loading genome
Mar 26 07:40:50 ..... started 1st pass mapping
Mar 26 07:41:12 ..... finished 1st pass mapping
Mar 26 07:41:13 ..... inserting junctions into the genome indices
Mar 26 07:42:32 ..... started mapping
Mar 26 07:42:55 ..... finished mapping
Mar 26 07:42:55 ..... started sorting BAM
Mar 26 07:42:57 ..... started wiggle output
Mar 26 07:42:57 ..... finished successfully
---------------------------------------------
