                                 Started job on |	Mar 26 07:33:42
                             Started mapping on |	Mar 26 07:35:25
                                    Finished on |	Mar 26 07:35:43
       Mapping speed, Million of reads per hour |	23.71

                          Number of input reads |	118571
                      Average input read length |	199
                                    UNIQUE READS:
                   Uniquely mapped reads number |	61230
                        Uniquely mapped reads % |	51.64%
                          Average mapped length |	199.62
                       Number of splices: Total |	23289
            Number of splices: Annotated (sjdb) |	23275
                       Number of splices: GT/AG |	23221
                       Number of splices: GC/AG |	53
                       Number of splices: AT/AC |	9
               Number of splices: Non-canonical |	6
                      Mismatch rate per base, % |	0.15%
                         Deletion rate per base |	0.00%
                        Deletion average length |	1.19
                        Insertion rate per base |	0.01%
                       Insertion average length |	1.08
                             MULTI-MAPPING READS:
        Number of reads mapped to multiple loci |	1226
             % of reads mapped to multiple loci |	1.03%
        Number of reads mapped to too many loci |	2
             % of reads mapped to too many loci |	0.00%
                                  UNMAPPED READS:
  Number of reads unmapped: too many mismatches |	0
       % of reads unmapped: too many mismatches |	0.00%
            Number of reads unmapped: too short |	56109
                 % of reads unmapped: too short |	47.32%
                Number of reads unmapped: other |	4
                     % of reads unmapped: other |	0.00%
                                  CHIMERIC READS:
                       Number of chimeric reads |	0
                            % of chimeric reads |	0.00%
