                                 Started job on |	Mar 26 07:38:03
                             Started mapping on |	Mar 26 07:38:12
                                    Finished on |	Mar 26 07:38:44
       Mapping speed, Million of reads per hour |	25.58

                          Number of input reads |	227392
                      Average input read length |	199
                                    UNIQUE READS:
                   Uniquely mapped reads number |	102776
                        Uniquely mapped reads % |	45.20%
                          Average mapped length |	199.63
                       Number of splices: Total |	47272
            Number of splices: Annotated (sjdb) |	46800
                       Number of splices: GT/AG |	47118
                       Number of splices: GC/AG |	104
                       Number of splices: AT/AC |	8
               Number of splices: Non-canonical |	42
                      Mismatch rate per base, % |	0.18%
                         Deletion rate per base |	0.01%
                        Deletion average length |	1.11
                        Insertion rate per base |	0.01%
                       Insertion average length |	1.10
                             MULTI-MAPPING READS:
        Number of reads mapped to multiple loci |	6094
             % of reads mapped to multiple loci |	2.68%
        Number of reads mapped to too many loci |	9
             % of reads mapped to too many loci |	0.00%
                                  UNMAPPED READS:
  Number of reads unmapped: too many mismatches |	0
       % of reads unmapped: too many mismatches |	0.00%
            Number of reads unmapped: too short |	118511
                 % of reads unmapped: too short |	52.12%
                Number of reads unmapped: other |	2
                     % of reads unmapped: other |	0.00%
                                  CHIMERIC READS:
                       Number of chimeric reads |	0
                            % of chimeric reads |	0.00%
